\BOOKMARK [0][-]{chapter*.3}{List\040Of\040Acronyms}{}% 1
\BOOKMARK [0][-]{chapter.1}{Introduction}{}% 2
\BOOKMARK [0][-]{chapter.2}{Text\040classification}{}% 3
\BOOKMARK [1][-]{section.2.1}{Preprocessing}{chapter.2}% 4
\BOOKMARK [2][-]{subsection.2.1.1}{Features\040of\040words}{section.2.1}% 5
\BOOKMARK [2][-]{subsection.2.1.2}{Features\040of\040text}{section.2.1}% 6
\BOOKMARK [2][-]{subsection.2.1.3}{Tokenization}{section.2.1}% 7
\BOOKMARK [1][-]{section.2.2}{Text\040classifiers}{chapter.2}% 8
\BOOKMARK [2][-]{subsection.2.2.1}{Naive\040Bayes}{section.2.2}% 9
\BOOKMARK [2][-]{subsection.2.2.2}{Nearest\040Neighbor\040Classifier}{section.2.2}% 10
\BOOKMARK [2][-]{subsection.2.2.3}{Support\040Vector\040Machine}{section.2.2}% 11
\BOOKMARK [2][-]{subsection.2.2.4}{Decision\040Trees}{section.2.2}% 12
\BOOKMARK [2][-]{subsection.2.2.5}{Artificial\040neural\040network}{section.2.2}% 13
\BOOKMARK [1][-]{section.2.3}{Evaluation}{chapter.2}% 14
\BOOKMARK [0][-]{chapter.3}{Deep\040learning\040in\040natural\040language\040processing}{}% 15
\BOOKMARK [1][-]{section.3.1}{Transfer\040learning}{chapter.3}% 16
\BOOKMARK [2][-]{subsection.3.1.1}{Language\040modeling}{section.3.1}% 17
\BOOKMARK [2][-]{subsection.3.1.2}{Embeddings}{section.3.1}% 18
\BOOKMARK [1][-]{section.3.2}{Training}{chapter.3}% 19
\BOOKMARK [2][-]{subsection.3.2.1}{Loss\040functions}{section.3.2}% 20
\BOOKMARK [2][-]{subsection.3.2.2}{Stochastic\040Gradient\040Descent}{section.3.2}% 21
\BOOKMARK [1][-]{section.3.3}{Architectures}{chapter.3}% 22
\BOOKMARK [2][-]{subsection.3.3.1}{Recurrent\040Neural\040Network}{section.3.3}% 23
\BOOKMARK [2][-]{subsection.3.3.2}{LSTM}{section.3.3}% 24
\BOOKMARK [2][-]{subsection.3.3.3}{Transformer}{section.3.3}% 25
\BOOKMARK [2][-]{subsection.3.3.4}{Other\040architectures}{section.3.3}% 26
\BOOKMARK [1][-]{section.3.4}{Modern\040models}{chapter.3}% 27
\BOOKMARK [2][-]{subsection.3.4.1}{ULMFiT}{section.3.4}% 28
\BOOKMARK [2][-]{subsection.3.4.2}{BERT}{section.3.4}% 29
\BOOKMARK [2][-]{subsection.3.4.3}{ELECTRA}{section.3.4}% 30
\BOOKMARK [0][-]{chapter.4}{Medical\040report\040document\040classification}{}% 31
\BOOKMARK [1][-]{section.4.1}{Problem\040definition}{chapter.4}% 32
\BOOKMARK [1][-]{section.4.2}{Data}{chapter.4}% 33
\BOOKMARK [2][-]{subsection.4.2.1}{Medical\040reports}{section.4.2}% 34
\BOOKMARK [2][-]{subsection.4.2.2}{General\040Finnish}{section.4.2}% 35
\BOOKMARK [1][-]{section.4.3}{Compute\040resources}{chapter.4}% 36
\BOOKMARK [2][-]{subsection.4.3.1}{CSC}{section.4.3}% 37
\BOOKMARK [2][-]{subsection.4.3.2}{Turku\040University\040Hospital}{section.4.3}% 38
\BOOKMARK [1][-]{section.4.4}{Methods}{chapter.4}% 39
\BOOKMARK [1][-]{section.4.5}{Results}{chapter.4}% 40
\BOOKMARK [2][-]{subsection.4.5.1}{Tools}{section.4.5}% 41
\BOOKMARK [1][-]{section.4.6}{Discussion}{chapter.4}% 42
\BOOKMARK [0][-]{chapter.5}{Conclusion}{}% 43
\BOOKMARK [0][-]{chapter*.19}{References}{}% 44
